<?xml version="1.0" encoding="UTF-8"?>
<testsuite xmlns:xsi="http://www.w3.org/2001/XMLSchema-instance" xsi:noNamespaceSchemaLocation="https://maven.apache.org/surefire/maven-surefire-plugin/xsd/surefire-test-report-3.0.xsd" version="3.0" name="com.IbraTeam.JavaBackend.JavaBackendApplicationTests" time="12.361" tests="1" errors="0" skipped="0" failures="0">
  <properties>
[...]
</properties>
  <testcase name="contextLoads" classname="com.IbraTeam.JavaBackend.JavaBackendApplicationTests" time="1.046">
    <system-out><![CDATA[18:31:33.225 [main] INFO org.springframework.test.context.support.AnnotationConfigContextLoaderUtils -- Could not detect default configuration classes for test class [com.IbraTeam.JavaBackend.JavaBackendApplicationTests]: JavaBackendApplicationTests does not declare any static, non-private, non-final, nested classes annotated with @Configuration.
18:31:33.464 [main] INFO org.springframework.boot.test.context.SpringBootTestContextBootstrapper -- Found @SpringBootConfiguration com.IbraTeam.JavaBackend.JavaBackendApplication for test class com.IbraTeam.JavaBackend.JavaBackendApplicationTests

  .   ____          _            __ _ _
 /\\ / ___'_ __ _ _(_)_ __  __ _ \ \ \ \
( ( )\___ | '_ | '_| | '_ \/ _` | \ \ \ \
 \\/  ___)| |_)| | | | | || (_| |  ) ) ) )
  '  |____| .__|_| |_|_| |_\__, | / / / /
 =========|_|==============|___/=/_/_/_/
 :: Spring Boot ::                (v3.2.2)

2024-02-13T18:31:34.217+03:00  INFO 3540 --- [           main] c.I.J.JavaBackendApplicationTests        : Starting JavaBackendApplicationTests using Java 17.0.9 with PID 3540 (started by root in /root/Java-backend)
2024-02-13T18:31:34.223+03:00  INFO 3540 --- [           main] c.I.J.JavaBackendApplicationTests        : No active profile set, falling back to 1 default profile: "default"
2024-02-13T18:31:35.745+03:00  INFO 3540 --- [           main] .s.d.r.c.RepositoryConfigurationDelegate : Multiple Spring Data modules found, entering strict repository configuration mode
2024-02-13T18:31:35.746+03:00  INFO 3540 --- [           main] .s.d.r.c.RepositoryConfigurationDelegate : Bootstrapping Spring Data JPA repositories in DEFAULT mode.
2024-02-13T18:31:36.009+03:00  INFO 3540 --- [           main] .s.d.r.c.RepositoryConfigurationDelegate : Finished Spring Data repository scanning in 246 ms. Found 1 JPA repository interface.
2024-02-13T18:31:36.054+03:00  INFO 3540 --- [           main] .s.d.r.c.RepositoryConfigurationDelegate : Multiple Spring Data modules found, entering strict repository configuration mode
2024-02-13T18:31:36.055+03:00  INFO 3540 --- [           main] .s.d.r.c.RepositoryConfigurationDelegate : Bootstrapping Spring Data Redis repositories in DEFAULT mode.
2024-02-13T18:31:36.097+03:00  INFO 3540 --- [           main] .RepositoryConfigurationExtensionSupport : Spring Data Redis - Could not safely identify store assignment for repository candidate interface com.IbraTeam.JavaBackend.Repositories.UserRepository; If you want this repository to be a Redis repository, consider annotating your entities with one of these annotations: org.springframework.data.redis.core.RedisHash (preferred), or consider extending one of the following types with your repository: org.springframework.data.keyvalue.repository.KeyValueRepository
2024-02-13T18:31:36.101+03:00  INFO 3540 --- [           main] .s.d.r.c.RepositoryConfigurationDelegate : Finished Spring Data repository scanning in 27 ms. Found 0 Redis repository interfaces.
2024-02-13T18:31:37.146+03:00  INFO 3540 --- [           main] o.hibernate.jpa.internal.util.LogHelper  : HHH000204: Processing PersistenceUnitInfo [name: default]
2024-02-13T18:31:37.273+03:00  INFO 3540 --- [           main] org.hibernate.Version                    : HHH000412: Hibernate ORM core version 6.4.1.Final
2024-02-13T18:31:37.312+03:00  INFO 3540 --- [           main] o.h.c.internal.RegionFactoryInitiator    : HHH000026: Second-level cache disabled
2024-02-13T18:31:37.705+03:00  INFO 3540 --- [           main] o.s.o.j.p.SpringPersistenceUnitInfo      : No LoadTimeWeaver setup: ignoring JPA class transformer
2024-02-13T18:31:37.750+03:00  INFO 3540 --- [           main] com.zaxxer.hikari.HikariDataSource       : HikariPool-1 - Starting...
2024-02-13T18:31:38.209+03:00  INFO 3540 --- [           main] com.zaxxer.hikari.pool.HikariPool        : HikariPool-1 - Added connection org.postgresql.jdbc.PgConnection@ba562e0
2024-02-13T18:31:38.211+03:00  INFO 3540 --- [           main] com.zaxxer.hikari.HikariDataSource       : HikariPool-1 - Start completed.
2024-02-13T18:31:41.022+03:00  INFO 3540 --- [           main] o.h.e.t.j.p.i.JtaPlatformInitiator       : HHH000489: No JTA platform available (set 'hibernate.transaction.jta.platform' to enable JTA platform integration)
Hibernate: create table keys (id uuid not null, room varchar(255) not null, user_id uuid, primary key (id))
Hibernate: create table requests (id uuid not null, date_time timestamp(6) not null, name varchar(255) not null, pair_number smallint not null check (pair_number between 0 and 9), repeated boolean not null, type varchar(255) not null check (type in ('Booking','Pair')), status varchar(255) not null check (status in ('Pending','Accepted','Rejected')), user_id uuid, key_id uuid, primary key (id))
Hibernate: create table users (id uuid not null, email varchar(255) not null, name varchar(255) not null, password varchar(1000) not null, role varchar(255) not null check (role in ('DEAN','TEACHER','STUDENT','USER','ADMIN')), primary key (id))
Hibernate: alter table if exists users drop constraint if exists UK_6dotkott2kjsp8vw4d0m25fb7
2024-02-13T18:31:41.141+03:00  WARN 3540 --- [           main] o.h.engine.jdbc.spi.SqlExceptionHelper   : SQL Warning Code: 0, SQLState: 00000
2024-02-13T18:31:41.143+03:00  WARN 3540 --- [           main] o.h.engine.jdbc.spi.SqlExceptionHelper   : constraint "uk_6dotkott2kjsp8vw4d0m25fb7" of relation "users" does not exist, skipping
Hibernate: alter table if exists users add constraint UK_6dotkott2kjsp8vw4d0m25fb7 unique (email)
Hibernate: alter table if exists keys add constraint FKbu243bwm4nirm8fukfqos9dk9 foreign key (user_id) references users
Hibernate: alter table if exists requests add constraint FK8usbpx9csc6opbjg1d7kvtf8c foreign key (user_id) references users
Hibernate: alter table if exists requests add constraint FKb5hbhqly0ot03g0h4pxr0brmi foreign key (key_id) references keys
2024-02-13T18:31:41.154+03:00  INFO 3540 --- [           main] j.LocalContainerEntityManagerFactoryBean : Initialized JPA EntityManagerFactory for persistence unit 'default'
2024-02-13T18:31:42.591+03:00  WARN 3540 --- [           main] JpaBaseConfiguration$JpaWebConfiguration : spring.jpa.open-in-view is enabled by default. Therefore, database queries may be performed during view rendering. Explicitly configure spring.jpa.open-in-view to disable this warning
2024-02-13T18:31:43.301+03:00  INFO 3540 --- [           main] o.s.s.web.DefaultSecurityFilterChain     : Will secure any request with [org.springframework.security.web.session.DisableEncodeUrlFilter@5502f74c, org.springframework.security.web.context.request.async.WebAsyncManagerIntegrationFilter@1c8d9ac9, org.springframework.security.web.context.SecurityContextHolderFilter@4f27643d, org.springframework.security.web.header.HeaderWriterFilter@3c5de17c, org.springframework.security.web.authentication.logout.LogoutFilter@14ce13fa, com.IbraTeam.JavaBackend.Configurations.JwtRequestFilter@3d41449a, org.springframework.security.web.savedrequest.RequestCacheAwareFilter@6e512d7f, org.springframework.security.web.servletapi.SecurityContextHolderAwareRequestFilter@2be49c8c, org.springframework.security.web.authentication.AnonymousAuthenticationFilter@7b57587e, org.springframework.security.web.session.SessionManagementFilter@438a2337, org.springframework.security.web.access.ExceptionTranslationFilter@7597ae32, org.springframework.security.web.access.intercept.AuthorizationFilter@1e5f3c4a]
2024-02-13T18:31:44.092+03:00  INFO 3540 --- [           main] c.I.J.JavaBackendApplicationTests        : Started JavaBackendApplicationTests in 10.348 seconds (process running for 12.732)
]]></system-out>
  </testcase>
</testsuite>